@Felix 2016.4.16 导航栏实现响应式布局
-----------------------------------------------------------
实现:浏览器窗口宽度变化，触发resize事件，判断尺寸显示不同样式
	 主要响应尺寸有1170/992/768 (PC/平板/手机)

注意:resize在窗口宽度变化时会触发两次，(可能是浏览器bug)
	 可以用setTimeout避免这种情况

	 $("selector")由于返回的是一个jQuery对象，所以一直为真
	 即使对应"selector"不存在
	 可以用$("selector").length判断对应元素是否存在

具体:
/Public/Home/JavaScript/index.js
添加changeNav函数检测浏览器窗口变化
当浏览器窗口小于768px时显示折叠样式
/Public/Common/CSS/nav.css
添加折叠样式



@Felix 2016.4.19 首页实现响应式布局
-----------------------------------------------------------
实现:媒体查询@media,为achievement-list 和footter添加样式

具体:
/Public/Home/index.css
添加媒体查询
@media (max-width: 1170px)
@media (max-width: 992px)
@media (max-width: 768px)

其他：
屏幕小于768px时，友情链接只显示三个



@Felix 2016.4.20 添加教学录像页面
-----------------------------------------------------------
具体:
/App/View/Home/video.html
/Public/Home/video.css


@Felix 2016.4.21 教学录像页面实现简单响应式布局
-----------------------------------------------------------
具体:
/Public/Home/video.css
添加媒体查询
@media (max-width: 1170px)
@media (max-width: 992px)
@media (max-width: 768px)
实现简单响应式布局


@Felix 2016.4.21 兼容IE
-----------------------------------------------------------
具体:
1.IE8不支持rem，全部改成em
2.IE8 a标签中的img会有蓝色边框，添加border:0;
3.jQuery2.0以上版本不再支持IE8及以下版本的IE浏览器
  使用IE条件注释引入1.9版本的jQuery
4.IE8不支持媒体查询。在条件注释中引入response.js
5.position:absolute;的元素莫名位于底部,添加z-indent:999;


@Felix 2016.4.22 添加分页跳转效果
-----------------------------------------------------------
具体:
添加video.js,实现分页跳转效果


@Felix 2016.4.23 添加自测训练页面
-----------------------------------------------------------
具体:
添加exercise.html,exercise.js,exercise.css


@Felix 2016.4.23 添加讨论交流页面
-----------------------------------------------------------
具体:
添加discussion.html,discussion.js,discussion.css
添加common.js 存放公共方法

@Felix 2016.4.24 添加课程介绍页面
-----------------------------------------------------------
具体:
添加introduction.html/introduction.js/introduction.css
导航栏实现点击切换背景

添加点击切换函数clickSwitch(current,choose,clName)
current当前选择 choose新点击 clName切换的类名
新点击与当前不一样的时候切换类名



@Felix 2016.4.25 添加资源下载页面
-----------------------------------------------------------
具体:
添加resource.html/resource.js/resource.css
主导航链接绑定域名www.felixp.cn



@Felix 2016.4.25 添加评价反馈页面
-----------------------------------------------------------
具体:
添加feedback.html/feedback.js/feedback.css