[ 2016-04-19T08:33:39+08:00 ] ::1 /info/App/Home/View/Home/__PUBLIC__/Home/JavaScript/index.js
INFO: [ app_init ] --START--
INFO: Run Behavior\BuildLiteBehavior [ RunTime:0.000000s ]
INFO: [ app_init ] --END-- [ RunTime:0.095002s ]
ERR: 无法加载模块:App

[ 2016-04-19T08:33:39+08:00 ] ::1 /info/App/Home/View/Home/__PUBLIC__/Common/JavaScript/jquery-2.2.3.min.js
INFO: [ app_init ] --START--
INFO: Run Behavior\BuildLiteBehavior [ RunTime:0.000000s ]
INFO: [ app_init ] --END-- [ RunTime:0.095002s ]
ERR: 无法加载模块:App

[ 2016-04-19T08:33:39+08:00 ] ::1 /info/App/Home/View/Home/__PUBLIC__/Home/index.css
INFO: [ app_init ] --START--
INFO: Run Behavior\BuildLiteBehavior [ RunTime:0.000000s ]
INFO: [ app_init ] --END-- [ RunTime:0.095002s ]
ERR: 无法加载模块:App

[ 2016-04-19T08:33:39+08:00 ] ::1 /info/App/Home/View/Home/__PUBLIC__/Home/Img/bg-index.png
INFO: [ app_init ] --START--
INFO: Run Behavior\BuildLiteBehavior [ RunTime:0.000000s ]
INFO: [ app_init ] --END-- [ RunTime:0.000000s ]
ERR: 无法加载模块:App

[ 2016-04-19T08:34:16+08:00 ] ::1 /info/App/Home/View/Home/__PUBLIC__/Home/index.css
INFO: [ app_init ] --START--
INFO: Run Behavior\BuildLiteBehavior [ RunTime:0.000000s ]
INFO: [ app_init ] --END-- [ RunTime:0.002500s ]
ERR: 无法加载模块:App

[ 2016-04-19T08:34:16+08:00 ] ::1 /info/App/Home/View/Home/__PUBLIC__/Common/JavaScript/jquery-2.2.3.min.js
INFO: [ app_init ] --START--
INFO: Run Behavior\BuildLiteBehavior [ RunTime:0.000000s ]
INFO: [ app_init ] --END-- [ RunTime:0.000000s ]
ERR: 无法加载模块:App

[ 2016-04-19T08:34:16+08:00 ] ::1 /info/App/Home/View/Home/__PUBLIC__/Home/Img/bg-index.png
INFO: [ app_init ] --START--
INFO: Run Behavior\BuildLiteBehavior [ RunTime:0.000000s ]
INFO: [ app_init ] --END-- [ RunTime:0.000000s ]
ERR: 无法加载模块:App

[ 2016-04-19T08:34:16+08:00 ] ::1 /info/App/Home/View/Home/__PUBLIC__/Home/JavaScript/index.js
INFO: [ app_init ] --START--
INFO: Run Behavior\BuildLiteBehavior [ RunTime:0.000000s ]
INFO: [ app_init ] --END-- [ RunTime:0.002500s ]
ERR: 无法加载模块:App

